<?xml version="1.0" encoding="UTF-8"?>
<testsuite name="com.tddacademy.zoo.model.AnimalTest" tests="6" skipped="0" failures="0" errors="0" timestamp="2025-07-23T10:26:28" hostname="Kaynes-MacBook-Pro.local" time="0.016">
  <properties/>
  <testcase name="Should create animal with null weight" classname="com.tddacademy.zoo.model.AnimalTest" time="0.009"/>
  <testcase name="Should throw exception when animal weight is negative" classname="com.tddacademy.zoo.model.AnimalTest" time="0.002"/>
  <testcase name="Should throw exception when animal name is null" classname="com.tddacademy.zoo.model.AnimalTest" time="0.001"/>
  <testcase name="Should throw exception when animal species is null" classname="com.tddacademy.zoo.model.AnimalTest" time="0.001"/>
  <testcase name="Should create a valid Animal with all required fields" classname="com.tddacademy.zoo.model.AnimalTest" time="0.0"/>
  <testcase name="Should throw exception when animal weight is zero" classname="com.tddacademy.zoo.model.AnimalTest" time="0.001"/>
  <system-out><![CDATA[]]></system-out>
  <system-err><![CDATA[]]></system-err>
</testsuite>
